<?xml version="1.0" encoding="utf-8"?><testsuites name="pytest tests"><testsuite name="pytest" errors="0" failures="0" skipped="0" tests="5" time="21.647" timestamp="2026-03-14T09:00:31.317962+00:00" hostname="agent-env-df5feeaa-4ecd-47f9-9f1c-ab4195c9e229"><testcase classname="backend.tests.test_intelligence_endpoints" name="test_health_endpoint" time="0.229" /><testcase classname="backend.tests.test_intelligence_endpoints" name="test_generate_briefing_and_validate_schema" time="15.068" /><testcase classname="backend.tests.test_intelligence_endpoints" name="test_latest_briefing_returns_expected_competitors" time="0.142" /><testcase classname="backend.tests.test_intelligence_endpoints" name="test_comparison_endpoint_returns_metrics" time="0.117" /><testcase classname="backend.tests.test_intelligence_endpoints" name="test_chat_endpoint_returns_answer" time="6.038" /></testsuite></testsuites>