<?xml version="1.0" encoding="utf-8"?><testsuites name="pytest tests"><testsuite name="pytest" errors="0" failures="0" skipped="0" tests="7" time="130.016" timestamp="2026-03-14T09:29:15.452506+00:00" hostname="agent-env-df5feeaa-4ecd-47f9-9f1c-ab4195c9e229"><testcase classname="backend.tests.test_intelligence_endpoints" name="test_health_endpoint" time="26.370" /><testcase classname="backend.tests.test_intelligence_endpoints" name="test_generate_briefing_and_validate_schema" time="37.033" /><testcase classname="backend.tests.test_intelligence_endpoints" name="test_briefing_source_status_and_live_ai_indicator" time="35.329" /><testcase classname="backend.tests.test_intelligence_endpoints" name="test_live_only_empty_channels_for_missing_companies" time="24.407" /><testcase classname="backend.tests.test_intelligence_endpoints" name="test_latest_briefing_returns_expected_competitors" time="0.245" /><testcase classname="backend.tests.test_intelligence_endpoints" name="test_comparison_endpoint_returns_metrics" time="0.166" /><testcase classname="backend.tests.test_intelligence_endpoints" name="test_chat_endpoint_returns_answer" time="6.406" /></testsuite></testsuites>